# JRE version: Java(TM) SE Runtime Environment (8.0_121-b13) (build 1.8.0_121-b13)
# Java VM: Java HotSpot(TM) 64-Bit Server VM (25.121-b13 mixed mode bsd-amd64 compressed oops)
Heap:
 garbage-first heap   total 385024K, used 101041K [0x0000000780000000, 0x0000000780100bc0, 0x00000007c0000000)
  region size 1024K, 21 young (21504K), 2 survivors (2048K)
 Metaspace       used 106352K, capacity 117353K, committed 117828K, reserved 1150976K
  class space    used 13195K, capacity 16450K, committed 16588K, reserved 1048576K
GC Heap History (10 events):
Event: 1200.859 GC heap before
{Heap before GC invocations=38 (full 0):
 garbage-first heap   total 377856K, used 365508K [0x0000000780000000, 0x0000000780100b88, 0x00000007c0000000)
  region size 1024K, 11 young (11264K), 1 survivors (1024K)
 Metaspace       used 105838K, capacity 116435K, committed 116804K, reserved 1148928K
  class space    used 13185K, capacity 16457K, committed 16588K, reserved 1048576K
Event: 1200.867 GC heap after
Heap after GC invocations=39 (full 0):
 garbage-first heap   total 378880K, used 77776K [0x0000000780000000, 0x0000000780100b90, 0x00000007c0000000)
  region size 1024K, 1 young (1024K), 1 survivors (1024K)
 Metaspace       used 105838K, capacity 116435K, committed 116804K, reserved 1148928K
  class space    used 13185K, capacity 16457K, committed 16588K, reserved 1048576K
}
Event: 1217.700 GC heap before
{Heap before GC invocations=39 (full 0):
 garbage-first heap   total 378880K, used 169410K [0x0000000780000000, 0x0000000780100b90, 0x00000007c0000000)
  region size 1024K, 5 young (5120K), 1 survivors (1024K)
 Metaspace       used 105838K, capacity 116435K, committed 116804K, reserved 1148928K
  class space    used 13185K, capacity 16457K, committed 16588K, reserved 1048576K
Event: 1217.708 GC heap after
Heap after GC invocations=40 (full 0):
 garbage-first heap   total 378880K, used 77785K [0x0000000780000000, 0x0000000780100b90, 0x00000007c0000000)
  region size 1024K, 1 young (1024K), 1 survivors (1024K)
 Metaspace       used 105838K, capacity 116435K, committed 116804K, reserved 1148928K
  class space    used 13185K, capacity 16457K, committed 16588K, reserved 1048576K
}
Event: 1270.457 GC heap before
{Heap before GC invocations=41 (full 0):
 garbage-first heap   total 384000K, used 371664K [0x0000000780000000, 0x0000000780100bb8, 0x00000007c0000000)
  region size 1024K, 17 young (17408K), 1 survivors (1024K)
 Metaspace       used 105814K, capacity 116387K, committed 116804K, reserved 1148928K
  class space    used 13181K, capacity 16449K, committed 16588K, reserved 1048576K
Event: 1270.465 GC heap after
Heap after GC invocations=42 (full 0):
 garbage-first heap   total 385024K, used 78166K [0x0000000780000000, 0x0000000780100bc0, 0x00000007c0000000)
  region size 1024K, 1 young (1024K), 1 survivors (1024K)
 Metaspace       used 105814K, capacity 116387K, committed 116804K, reserved 1148928K
  class space    used 13181K, capacity 16449K, committed 16588K, reserved 1048576K
}
Event: 1392.365 GC heap before
{Heap before GC invocations=42 (full 0):
 garbage-first heap   total 385024K, used 189136K [0x0000000780000000, 0x0000000780100bc0, 0x00000007c0000000)
  region size 1024K, 21 young (21504K), 1 survivors (1024K)
 Metaspace       used 105907K, capacity 116515K, committed 117060K, reserved 1150976K
  class space    used 13192K, capacity 16449K, committed 16588K, reserved 1048576K
Event: 1392.373 GC heap after
Heap after GC invocations=43 (full 0):
 garbage-first heap   total 385024K, used 78343K [0x0000000780000000, 0x0000000780100bc0, 0x00000007c0000000)
  region size 1024K, 1 young (1024K), 1 survivors (1024K)
 Metaspace       used 105907K, capacity 116515K, committed 117060K, reserved 1150976K
  class space    used 13192K, capacity 16449K, committed 16588K, reserved 1048576K
}
Event: 2104.578 GC heap before
{Heap before GC invocations=44 (full 0):
 garbage-first heap   total 385024K, used 369713K [0x0000000780000000, 0x0000000780100bc0, 0x00000007c0000000)
  region size 1024K, 225 young (230400K), 1 survivors (1024K)
 Metaspace       used 106304K, capacity 117289K, committed 117828K, reserved 1150976K
  class space    used 13195K, capacity 16450K, committed 16588K, reserved 1048576K
Event: 2104.590 GC heap after
Heap after GC invocations=45 (full 0):
 garbage-first heap   total 385024K, used 79657K [0x0000000780000000, 0x0000000780100bc0, 0x00000007c0000000)
  region size 1024K, 2 young (2048K), 2 survivors (2048K)
 Metaspace       used 106304K, capacity 117289K, committed 117828K, reserved 1150976K
  class space    used 13195K, capacity 16450K, committed 16588K, reserved 1048576K
}

